{
  "uid" : "3379bea0ac306965",
  "name" : "View Category Products",
  "fullName" : "tests.product_management_feature_test.TestProductManagementFeature#test_category_products_presence",
  "historyId" : "a8f05a3f4cc1ba834b85a24227491749",
  "time" : {
    "start" : 1706535887865,
    "stop" : 1706535894144,
    "duration" : 6279
  },
  "status" : "failed",
  "statusMessage" : "AssertionError: Expected 'Men - Tshirts Products' in PRODUCTS_TEXT, but found 'ALL PRODUCTS'",
  "statusTrace" : "self = <tests.product_management_feature_test.TestProductManagementFeature object at 0x7ff952e3e750>\n\n    @allure.title(\"View Category Products\")\n    @allure.severity(allure.severity_level.NORMAL)\n    @allure.story(\"Product Display & Information\")\n    @allure.tag('TestCaseID: 18')\n    # @pytest.mark.parametrize(\"category, subcategory\", [(\"Women\", \"Dress\"), (\"Women\", \"Tops\"), (\"Women\", \"Saree\"),\n    #                                                 (\"Men\", \"Tshirts\"), (\"Men\", \"Jeans\"),\n    #                                                 (\"Kids\", \"Dress\"), (\"Kids\", \"Tops & Shirts\")])\n    def test_category_products_presence(self):\n        self.home_page.open()\n        self.home_page.is_opened()\n        self.home_page.click_products_button()\n        self.products_page.is_header_visible()\n        self.products_page.is_opened()\n        self.products_page.is_products_visible()\n        self.products_page.click_category_and_subcategory(self.category, self.subcategory)\n        self.products_page.is_header_visible()\n        self.products_page.is_products_visible()\n>       self.products_page.verify_category_and_subcategory_products(self.category, self.subcategory)\n\ntests/product_management_feature_test.py:52: \n_ _ _ _ _ _ _ _ _ _ _ _ _ _ _ _ _ _ _ _ _ _ _ _ _ _ _ _ _ _ _ _ _ _ _ _ _ _ _ _ \n\nself = <pages.products_page.ProductsPage object at 0x7ff952eb4320>\ncategory = 'Men', subcategory = 'Tshirts'\n\n    @allure.step(\"Verify '{category} -> {subcategory}' category and subcategory are opened\")\n    def verify_category_and_subcategory_products(self, category, subcategory):\n        expected_text = f\"{category} - {subcategory} Products\"\n    \n        # Verify the presence of the category and subcategory text in the PRODUCTS_TEXT selector\n        products_text = self.wait.until(EC.visibility_of_element_located(self.PRODUCTS_TEXT))\n        products_text = products_text.text\n        expected_text_uppercase = expected_text.upper()\n        actual_text_uppercase = products_text.upper()\n>       assert expected_text_uppercase in actual_text_uppercase, f\"Expected '{expected_text}' in PRODUCTS_TEXT, but found '{products_text}'\"\nE       AssertionError: Expected 'Men - Tshirts Products' in PRODUCTS_TEXT, but found 'ALL PRODUCTS'\n\npages/products_page.py:137: AssertionError",
  "flaky" : false,
  "newFailed" : false,
  "beforeStages" : [ {
    "name" : "browser",
    "time" : {
      "start" : 1706535886711,
      "stop" : 1706535887597,
      "duration" : 886
    },
    "status" : "passed",
    "steps" : [ ],
    "attachments" : [ ],
    "parameters" : [ ],
    "attachmentsCount" : 0,
    "shouldDisplayMessage" : false,
    "stepsCount" : 0,
    "hasContent" : false
  }, {
    "name" : "setup",
    "time" : {
      "start" : 1706535887597,
      "stop" : 1706535887865,
      "duration" : 268
    },
    "status" : "passed",
    "steps" : [ ],
    "attachments" : [ ],
    "parameters" : [ ],
    "attachmentsCount" : 0,
    "shouldDisplayMessage" : false,
    "stepsCount" : 0,
    "hasContent" : false
  }, {
    "name" : "_session_faker",
    "time" : {
      "start" : 1706535857904,
      "stop" : 1706535857988,
      "duration" : 84
    },
    "status" : "passed",
    "steps" : [ ],
    "attachments" : [ ],
    "parameters" : [ ],
    "attachmentsCount" : 0,
    "shouldDisplayMessage" : false,
    "stepsCount" : 0,
    "hasContent" : false
  } ],
  "testStage" : {
    "status" : "failed",
    "statusMessage" : "AssertionError: Expected 'Men - Tshirts Products' in PRODUCTS_TEXT, but found 'ALL PRODUCTS'",
    "statusTrace" : "self = <tests.product_management_feature_test.TestProductManagementFeature object at 0x7ff952e3e750>\n\n    @allure.title(\"View Category Products\")\n    @allure.severity(allure.severity_level.NORMAL)\n    @allure.story(\"Product Display & Information\")\n    @allure.tag('TestCaseID: 18')\n    # @pytest.mark.parametrize(\"category, subcategory\", [(\"Women\", \"Dress\"), (\"Women\", \"Tops\"), (\"Women\", \"Saree\"),\n    #                                                 (\"Men\", \"Tshirts\"), (\"Men\", \"Jeans\"),\n    #                                                 (\"Kids\", \"Dress\"), (\"Kids\", \"Tops & Shirts\")])\n    def test_category_products_presence(self):\n        self.home_page.open()\n        self.home_page.is_opened()\n        self.home_page.click_products_button()\n        self.products_page.is_header_visible()\n        self.products_page.is_opened()\n        self.products_page.is_products_visible()\n        self.products_page.click_category_and_subcategory(self.category, self.subcategory)\n        self.products_page.is_header_visible()\n        self.products_page.is_products_visible()\n>       self.products_page.verify_category_and_subcategory_products(self.category, self.subcategory)\n\ntests/product_management_feature_test.py:52: \n_ _ _ _ _ _ _ _ _ _ _ _ _ _ _ _ _ _ _ _ _ _ _ _ _ _ _ _ _ _ _ _ _ _ _ _ _ _ _ _ \n\nself = <pages.products_page.ProductsPage object at 0x7ff952eb4320>\ncategory = 'Men', subcategory = 'Tshirts'\n\n    @allure.step(\"Verify '{category} -> {subcategory}' category and subcategory are opened\")\n    def verify_category_and_subcategory_products(self, category, subcategory):\n        expected_text = f\"{category} - {subcategory} Products\"\n    \n        # Verify the presence of the category and subcategory text in the PRODUCTS_TEXT selector\n        products_text = self.wait.until(EC.visibility_of_element_located(self.PRODUCTS_TEXT))\n        products_text = products_text.text\n        expected_text_uppercase = expected_text.upper()\n        actual_text_uppercase = products_text.upper()\n>       assert expected_text_uppercase in actual_text_uppercase, f\"Expected '{expected_text}' in PRODUCTS_TEXT, but found '{products_text}'\"\nE       AssertionError: Expected 'Men - Tshirts Products' in PRODUCTS_TEXT, but found 'ALL PRODUCTS'\n\npages/products_page.py:137: AssertionError",
    "steps" : [ {
      "name" : "Open https://automationexercise.com/ page",
      "time" : {
        "start" : 1706535887865,
        "stop" : 1706535889057,
        "duration" : 1192
      },
      "status" : "passed",
      "steps" : [ ],
      "attachments" : [ ],
      "parameters" : [ ],
      "attachmentsCount" : 0,
      "shouldDisplayMessage" : false,
      "stepsCount" : 0,
      "hasContent" : false
    }, {
      "name" : "Site header visible",
      "time" : {
        "start" : 1706535889057,
        "stop" : 1706535889075,
        "duration" : 18
      },
      "status" : "passed",
      "steps" : [ ],
      "attachments" : [ ],
      "parameters" : [ ],
      "attachmentsCount" : 0,
      "shouldDisplayMessage" : false,
      "stepsCount" : 0,
      "hasContent" : false
    }, {
      "name" : "Page https://automationexercise.com/ is opened",
      "time" : {
        "start" : 1706535889075,
        "stop" : 1706535889078,
        "duration" : 3
      },
      "status" : "passed",
      "steps" : [ ],
      "attachments" : [ ],
      "parameters" : [ ],
      "attachmentsCount" : 0,
      "shouldDisplayMessage" : false,
      "stepsCount" : 0,
      "hasContent" : false
    }, {
      "name" : "Click products header button",
      "time" : {
        "start" : 1706535889078,
        "stop" : 1706535891333,
        "duration" : 2255
      },
      "status" : "passed",
      "steps" : [ ],
      "attachments" : [ ],
      "parameters" : [ ],
      "attachmentsCount" : 0,
      "shouldDisplayMessage" : false,
      "stepsCount" : 0,
      "hasContent" : false
    }, {
      "name" : "Site header visible",
      "time" : {
        "start" : 1706535891333,
        "stop" : 1706535891344,
        "duration" : 11
      },
      "status" : "passed",
      "steps" : [ ],
      "attachments" : [ ],
      "parameters" : [ ],
      "attachmentsCount" : 0,
      "shouldDisplayMessage" : false,
      "stepsCount" : 0,
      "hasContent" : false
    }, {
      "name" : "Site header visible",
      "time" : {
        "start" : 1706535891344,
        "stop" : 1706535891353,
        "duration" : 9
      },
      "status" : "passed",
      "steps" : [ ],
      "attachments" : [ ],
      "parameters" : [ ],
      "attachmentsCount" : 0,
      "shouldDisplayMessage" : false,
      "stepsCount" : 0,
      "hasContent" : false
    }, {
      "name" : "Page https://automationexercise.com/products is opened",
      "time" : {
        "start" : 1706535891353,
        "stop" : 1706535891355,
        "duration" : 2
      },
      "status" : "passed",
      "steps" : [ ],
      "attachments" : [ ],
      "parameters" : [ ],
      "attachmentsCount" : 0,
      "shouldDisplayMessage" : false,
      "stepsCount" : 0,
      "hasContent" : false
    }, {
      "name" : "'ALL PRODUCTS' page visible",
      "time" : {
        "start" : 1706535891355,
        "stop" : 1706535891613,
        "duration" : 258
      },
      "status" : "passed",
      "steps" : [ ],
      "attachments" : [ {
        "uid" : "30069ff038e89d32",
        "name" : "Products page",
        "source" : "30069ff038e89d32.png",
        "type" : "image/png",
        "size" : 436144
      } ],
      "parameters" : [ ],
      "attachmentsCount" : 1,
      "shouldDisplayMessage" : false,
      "stepsCount" : 0,
      "hasContent" : true
    }, {
      "name" : "Click ''Men' -> 'Tshirts'' category and subcategory",
      "time" : {
        "start" : 1706535891613,
        "stop" : 1706535893755,
        "duration" : 2142
      },
      "status" : "passed",
      "steps" : [ ],
      "attachments" : [ ],
      "parameters" : [ {
        "name" : "category",
        "value" : "'Men'"
      }, {
        "name" : "subcategory",
        "value" : "'Tshirts'"
      } ],
      "attachmentsCount" : 0,
      "shouldDisplayMessage" : false,
      "stepsCount" : 0,
      "hasContent" : true
    }, {
      "name" : "Site header visible",
      "time" : {
        "start" : 1706535893755,
        "stop" : 1706535893765,
        "duration" : 10
      },
      "status" : "passed",
      "steps" : [ ],
      "attachments" : [ ],
      "parameters" : [ ],
      "attachmentsCount" : 0,
      "shouldDisplayMessage" : false,
      "stepsCount" : 0,
      "hasContent" : false
    }, {
      "name" : "'ALL PRODUCTS' page visible",
      "time" : {
        "start" : 1706535893765,
        "stop" : 1706535894120,
        "duration" : 355
      },
      "status" : "passed",
      "steps" : [ ],
      "attachments" : [ {
        "uid" : "2d01b4fe13301059",
        "name" : "Products page",
        "source" : "2d01b4fe13301059.png",
        "type" : "image/png",
        "size" : 471227
      } ],
      "parameters" : [ ],
      "attachmentsCount" : 1,
      "shouldDisplayMessage" : false,
      "stepsCount" : 0,
      "hasContent" : true
    }, {
      "name" : "Verify ''Men' -> 'Tshirts'' category and subcategory are opened",
      "time" : {
        "start" : 1706535894120,
        "stop" : 1706535894144,
        "duration" : 24
      },
      "status" : "failed",
      "statusMessage" : "AssertionError: Expected 'Men - Tshirts Products' in PRODUCTS_TEXT, but found 'ALL PRODUCTS'\n",
      "statusTrace" : "  File \"/usr/local/lib/python3.12/site-packages/allure_commons/_allure.py\", line 192, in impl\n    return func(*a, **kw)\n           ^^^^^^^^^^^^^^\n  File \"/usr/workspace/pages/products_page.py\", line 137, in verify_category_and_subcategory_products\n    assert expected_text_uppercase in actual_text_uppercase, f\"Expected '{expected_text}' in PRODUCTS_TEXT, but found '{products_text}'\"\n",
      "steps" : [ ],
      "attachments" : [ ],
      "parameters" : [ {
        "name" : "category",
        "value" : "'Men'"
      }, {
        "name" : "subcategory",
        "value" : "'Tshirts'"
      } ],
      "attachmentsCount" : 0,
      "shouldDisplayMessage" : true,
      "stepsCount" : 0,
      "hasContent" : true
    } ],
    "attachments" : [ ],
    "parameters" : [ ],
    "attachmentsCount" : 2,
    "shouldDisplayMessage" : true,
    "stepsCount" : 12,
    "hasContent" : true
  },
  "afterStages" : [ {
    "name" : "browser::0",
    "time" : {
      "start" : 1706535894150,
      "stop" : 1706535894272,
      "duration" : 122
    },
    "status" : "passed",
    "steps" : [ ],
    "attachments" : [ ],
    "parameters" : [ ],
    "attachmentsCount" : 0,
    "shouldDisplayMessage" : false,
    "stepsCount" : 0,
    "hasContent" : false
  } ],
  "labels" : [ {
    "name" : "feature",
    "value" : "Product Management"
  }, {
    "name" : "story",
    "value" : "Product Display & Information"
  }, {
    "name" : "severity",
    "value" : "normal"
  }, {
    "name" : "tag",
    "value" : "TestCaseID: 18"
  }, {
    "name" : "parentSuite",
    "value" : "tests"
  }, {
    "name" : "suite",
    "value" : "product_management_feature_test"
  }, {
    "name" : "subSuite",
    "value" : "TestProductManagementFeature"
  }, {
    "name" : "host",
    "value" : "047a55d655cd"
  }, {
    "name" : "thread",
    "value" : "1-MainThread"
  }, {
    "name" : "framework",
    "value" : "pytest"
  }, {
    "name" : "language",
    "value" : "cpython3"
  }, {
    "name" : "package",
    "value" : "tests.product_management_feature_test"
  }, {
    "name" : "resultFormat",
    "value" : "allure2"
  } ],
  "parameters" : [ ],
  "links" : [ ],
  "hidden" : false,
  "retry" : false,
  "extra" : {
    "severity" : "normal",
    "retries" : [ ],
    "categories" : [ {
      "name" : "Product defects",
      "matchedStatuses" : [ ],
      "flaky" : false
    } ],
    "tags" : [ "TestCaseID: 18" ]
  },
  "source" : "3379bea0ac306965.json",
  "parameterValues" : [ ]
}